# JRE version: OpenJDK Runtime Environment Microsoft-8035246 (17.0.8+7) (build 17.0.8+7-LTS)
# Java VM: OpenJDK 64-Bit Server VM Microsoft-8035246 (17.0.8+7-LTS, mixed mode, sharing, tiered, compressed oops, compressed class ptrs, g1 gc, windows-amd64)
GC Precious Log:
 CPUs: 4 total, 4 available
 Memory: 11957M
 Large Page Support: Disabled
 NUMA Support: Disabled
 Compressed Oops: Enabled (32-bit)
 Heap Region Size: 1M
 Heap Min Capacity: 8M
 Heap Initial Capacity: 188M
 Heap Max Capacity: 2G
 Pre-touch: Disabled
 Parallel Workers: 4
 Concurrent Workers: 1
 Concurrent Refinement Workers: 4
 Periodic GC: Disabled
Heap:
 garbage-first heap   total 328704K, used 186368K [0x0000000080000000, 0x0000000100000000)
  region size 1024K, 13 young (13312K), 8 survivors (8192K)
 Metaspace       used 99303K, committed 100416K, reserved 557056K
  class space    used 13877K, committed 14400K, reserved 425984K
GC Heap History (20 events):
Event: 28.395 GC heap before
{Heap before GC invocations=39 (full 0):
 garbage-first heap   total 172032K, used 86815K [0x0000000080000000, 0x0000000100000000)
  region size 1024K, 8 young (8192K), 6 survivors (6144K)
 Metaspace       used 72577K, committed 73280K, reserved 491520K
  class space    used 10128K, committed 10432K, reserved 425984K
}
Event: 28.402 GC heap after
{Heap after GC invocations=40 (full 0):
 garbage-first heap   total 172032K, used 85057K [0x0000000080000000, 0x0000000100000000)
  region size 1024K, 1 young (1024K), 1 survivors (1024K)
 Metaspace       used 72577K, committed 73280K, reserved 491520K
  class space    used 10128K, committed 10432K, reserved 425984K
}
Event: 29.264 GC heap before
{Heap before GC invocations=40 (full 0):
 garbage-first heap   total 172032K, used 124993K [0x0000000080000000, 0x0000000100000000)
  region size 1024K, 40 young (40960K), 1 survivors (1024K)
 Metaspace       used 75566K, committed 76288K, reserved 491520K
  class space    used 10519K, committed 10880K, reserved 425984K
}
Event: 29.268 GC heap after
{Heap after GC invocations=41 (full 0):
 garbage-first heap   total 172032K, used 86244K [0x0000000080000000, 0x0000000100000000)
  region size 1024K, 2 young (2048K), 2 survivors (2048K)
 Metaspace       used 75566K, committed 76288K, reserved 491520K
  class space    used 10519K, committed 10880K, reserved 425984K
}
Event: 30.017 GC heap before
{Heap before GC invocations=42 (full 0):
 garbage-first heap   total 172032K, used 129252K [0x0000000080000000, 0x0000000100000000)
  region size 1024K, 44 young (45056K), 2 survivors (2048K)
 Metaspace       used 76811K, committed 77504K, reserved 557056K
  class space    used 10687K, committed 11008K, reserved 425984K
}
Event: 30.026 GC heap after
{Heap after GC invocations=43 (full 0):
 garbage-first heap   total 172032K, used 89342K [0x0000000080000000, 0x0000000100000000)
  region size 1024K, 5 young (5120K), 5 survivors (5120K)
 Metaspace       used 76811K, committed 77504K, reserved 557056K
  class space    used 10687K, committed 11008K, reserved 425984K
}
Event: 30.067 GC heap before
{Heap before GC invocations=43 (full 0):
 garbage-first heap   total 172032K, used 92414K [0x0000000080000000, 0x0000000100000000)
  region size 1024K, 8 young (8192K), 5 survivors (5120K)
 Metaspace       used 76825K, committed 77568K, reserved 557056K
  class space    used 10689K, committed 11008K, reserved 425984K
}
Event: 30.074 GC heap after
{Heap after GC invocations=44 (full 0):
 garbage-first heap   total 172032K, used 89678K [0x0000000080000000, 0x0000000100000000)
  region size 1024K, 1 young (1024K), 1 survivors (1024K)
 Metaspace       used 76825K, committed 77568K, reserved 557056K
  class space    used 10689K, committed 11008K, reserved 425984K
}
Event: 36.684 GC heap before
{Heap before GC invocations=44 (full 0):
 garbage-first heap   total 172032K, used 132686K [0x0000000080000000, 0x0000000100000000)
  region size 1024K, 43 young (44032K), 1 survivors (1024K)
 Metaspace       used 78858K, committed 79616K, reserved 557056K
  class space    used 10987K, committed 11328K, reserved 425984K
}
Event: 36.695 GC heap after
{Heap after GC invocations=45 (full 0):
 garbage-first heap   total 328704K, used 91749K [0x0000000080000000, 0x0000000100000000)
  region size 1024K, 3 young (3072K), 3 survivors (3072K)
 Metaspace       used 78858K, committed 79616K, reserved 557056K
  class space    used 10987K, committed 11328K, reserved 425984K
}
Event: 39.771 GC heap before
{Heap before GC invocations=45 (full 0):
 garbage-first heap   total 328704K, used 227941K [0x0000000080000000, 0x0000000100000000)
  region size 1024K, 136 young (139264K), 3 survivors (3072K)
 Metaspace       used 86181K, committed 86976K, reserved 557056K
  class space    used 12134K, committed 12480K, reserved 425984K
}
Event: 39.789 GC heap after
{Heap after GC invocations=46 (full 0):
 garbage-first heap   total 328704K, used 100252K [0x0000000080000000, 0x0000000100000000)
  region size 1024K, 12 young (12288K), 12 survivors (12288K)
 Metaspace       used 86181K, committed 86976K, reserved 557056K
  class space    used 12134K, committed 12480K, reserved 425984K
}
Event: 43.664 GC heap before
{Heap before GC invocations=46 (full 0):
 garbage-first heap   total 328704K, used 249756K [0x0000000080000000, 0x0000000100000000)
  region size 1024K, 150 young (153600K), 12 survivors (12288K)
 Metaspace       used 90220K, committed 91200K, reserved 557056K
  class space    used 12662K, committed 13120K, reserved 425984K
}
Event: 43.705 GC heap after
{Heap after GC invocations=47 (full 0):
 garbage-first heap   total 328704K, used 137323K [0x0000000080000000, 0x0000000100000000)
  region size 1024K, 19 young (19456K), 19 survivors (19456K)
 Metaspace       used 90220K, committed 91200K, reserved 557056K
  class space    used 12662K, committed 13120K, reserved 425984K
}
Event: 46.134 GC heap before
{Heap before GC invocations=47 (full 0):
 garbage-first heap   total 328704K, used 245867K [0x0000000080000000, 0x0000000100000000)
  region size 1024K, 122 young (124928K), 19 survivors (19456K)
 Metaspace       used 94490K, committed 95552K, reserved 557056K
  class space    used 13284K, committed 13760K, reserved 425984K
}
Event: 46.168 GC heap after
{Heap after GC invocations=48 (full 0):
 garbage-first heap   total 328704K, used 156160K [0x0000000080000000, 0x0000000100000000)
  region size 1024K, 16 young (16384K), 16 survivors (16384K)
 Metaspace       used 94490K, committed 95552K, reserved 557056K
  class space    used 13284K, committed 13760K, reserved 425984K
}
Event: 48.411 GC heap before
{Heap before GC invocations=48 (full 0):
 garbage-first heap   total 328704K, used 250368K [0x0000000080000000, 0x0000000100000000)
  region size 1024K, 108 young (110592K), 16 survivors (16384K)
 Metaspace       used 97614K, committed 98624K, reserved 557056K
  class space    used 13658K, committed 14144K, reserved 425984K
}
Event: 48.440 GC heap after
{Heap after GC invocations=49 (full 0):
 garbage-first heap   total 328704K, used 165888K [0x0000000080000000, 0x0000000100000000)
  region size 1024K, 10 young (10240K), 10 survivors (10240K)
 Metaspace       used 97614K, committed 98624K, reserved 557056K
  class space    used 13658K, committed 14144K, reserved 425984K
}
Event: 50.708 GC heap before
{Heap before GC invocations=49 (full 0):
 garbage-first heap   total 328704K, used 254976K [0x0000000080000000, 0x0000000100000000)
  region size 1024K, 98 young (100352K), 10 survivors (10240K)
 Metaspace       used 98935K, committed 100032K, reserved 557056K
  class space    used 13822K, committed 14336K, reserved 425984K
}
Event: 50.770 GC heap after
{Heap after GC invocations=50 (full 0):
 garbage-first heap   total 328704K, used 174080K [0x0000000080000000, 0x0000000100000000)
  region size 1024K, 8 young (8192K), 8 survivors (8192K)
 Metaspace       used 98935K, committed 100032K, reserved 557056K
  class space    used 13822K, committed 14336K, reserved 425984K
}

